# JRE version: Java(TM) SE Runtime Environment (8.0_191-b12) (build 1.8.0_191-b12)
# Java VM: Java HotSpot(TM) 64-Bit Server VM (25.191-b12 mixed mode windows-amd64 compressed oops)
Heap:
 PSYoungGen      total 117248K, used 41904K [0x00000000d5e00000, 0x00000000e1c80000, 0x0000000100000000)
  eden space 107520K, 29% used [0x00000000d5e00000,0x00000000d7d6f0e0,0x00000000dc700000)
  from space 9728K, 99% used [0x00000000dc700000,0x00000000dd07d040,0x00000000dd080000)
  to   space 11264K, 0% used [0x00000000e1180000,0x00000000e1180000,0x00000000e1c80000)
 ParOldGen       total 57856K, used 12610K [0x0000000081a00000, 0x0000000085280000, 0x00000000d5e00000)
  object space 57856K, 21% used [0x0000000081a00000,0x0000000082650858,0x0000000085280000)
 Metaspace       used 32433K, capacity 33968K, committed 34304K, reserved 1081344K
  class space    used 4199K, capacity 4494K, committed 4608K, reserved 1048576K
GC Heap History (10 events):
Event: 2.016 GC heap before
{Heap before GC invocations=4 (full 0):
 PSYoungGen      total 38400K, used 36453K [0x00000000d5e00000, 0x00000000da900000, 0x0000000100000000)
  eden space 33280K, 94% used [0x00000000d5e00000,0x00000000d7c9de70,0x00000000d7e80000)
  from space 5120K, 99% used [0x00000000d7e80000,0x00000000d837b748,0x00000000d8380000)
  to   space 5120K, 0% used [0x00000000da400000,0x00000000da400000,0x00000000da900000)
 ParOldGen       total 87552K, used 3425K [0x0000000081a00000, 0x0000000086f80000, 0x00000000d5e00000)
  object space 87552K, 3% used [0x0000000081a00000,0x0000000081d58570,0x0000000086f80000)
 Metaspace       used 20633K, capacity 21210K, committed 21248K, reserved 1067008K
  class space    used 2649K, capacity 2807K, committed 2816K, reserved 1048576K
Event: 2.024 GC heap after
Heap after GC invocations=4 (full 0):
 PSYoungGen      total 71680K, used 5098K [0x00000000d5e00000, 0x00000000da900000, 0x0000000100000000)
  eden space 66560K, 0% used [0x00000000d5e00000,0x00000000d5e00000,0x00000000d9f00000)
  from space 5120K, 99% used [0x00000000da400000,0x00000000da8fa990,0x00000000da900000)
  to   space 5120K, 0% used [0x00000000d9f00000,0x00000000d9f00000,0x00000000da400000)
 ParOldGen       total 87552K, used 6701K [0x0000000081a00000, 0x0000000086f80000, 0x00000000d5e00000)
  object space 87552K, 7% used [0x0000000081a00000,0x000000008208b6f0,0x0000000086f80000)
 Metaspace       used 20633K, capacity 21210K, committed 21248K, reserved 1067008K
  class space    used 2649K, capacity 2807K, committed 2816K, reserved 1048576K
}
Event: 2.024 GC heap before
{Heap before GC invocations=5 (full 1):
 PSYoungGen      total 71680K, used 5098K [0x00000000d5e00000, 0x00000000da900000, 0x0000000100000000)
  eden space 66560K, 0% used [0x00000000d5e00000,0x00000000d5e00000,0x00000000d9f00000)
  from space 5120K, 99% used [0x00000000da400000,0x00000000da8fa990,0x00000000da900000)
  to   space 5120K, 0% used [0x00000000d9f00000,0x00000000d9f00000,0x00000000da400000)
 ParOldGen       total 87552K, used 6701K [0x0000000081a00000, 0x0000000086f80000, 0x00000000d5e00000)
  object space 87552K, 7% used [0x0000000081a00000,0x000000008208b6f0,0x0000000086f80000)
 Metaspace       used 20633K, capacity 21210K, committed 21248K, reserved 1067008K
  class space    used 2649K, capacity 2807K, committed 2816K, reserved 1048576K
Event: 2.048 GC heap after
Heap after GC invocations=5 (full 1):
 PSYoungGen      total 71680K, used 0K [0x00000000d5e00000, 0x00000000da900000, 0x0000000100000000)
  eden space 66560K, 0% used [0x00000000d5e00000,0x00000000d5e00000,0x00000000d9f00000)
  from space 5120K, 0% used [0x00000000da400000,0x00000000da400000,0x00000000da900000)
  to   space 5120K, 0% used [0x00000000d9f00000,0x00000000d9f00000,0x00000000da400000)
 ParOldGen       total 57856K, used 8229K [0x0000000081a00000, 0x0000000085280000, 0x00000000d5e00000)
  object space 57856K, 14% used [0x0000000081a00000,0x0000000082209490,0x0000000085280000)
 Metaspace       used 20633K, capacity 21210K, committed 21248K, reserved 1067008K
  class space    used 2649K, capacity 2807K, committed 2816K, reserved 1048576K
}
Event: 2.564 GC heap before
{Heap before GC invocations=6 (full 1):
 PSYoungGen      total 71680K, used 66560K [0x00000000d5e00000, 0x00000000da900000, 0x0000000100000000)
  eden space 66560K, 100% used [0x00000000d5e00000,0x00000000d9f00000,0x00000000d9f00000)
  from space 5120K, 0% used [0x00000000da400000,0x00000000da400000,0x00000000da900000)
  to   space 5120K, 0% used [0x00000000d9f00000,0x00000000d9f00000,0x00000000da400000)
 ParOldGen       total 57856K, used 8237K [0x0000000081a00000, 0x0000000085280000, 0x00000000d5e00000)
  object space 57856K, 14% used [0x0000000081a00000,0x000000008220b638,0x0000000085280000)
 Metaspace       used 25885K, capacity 26690K, committed 26880K, reserved 1073152K
  class space    used 3336K, capacity 3519K, committed 3584K, reserved 1048576K
Event: 2.574 GC heap after
Heap after GC invocations=6 (full 1):
 PSYoungGen      total 71680K, used 5090K [0x00000000d5e00000, 0x00000000ddb00000, 0x0000000100000000)
  eden space 66560K, 0% used [0x00000000d5e00000,0x00000000d5e00000,0x00000000d9f00000)
  from space 5120K, 99% used [0x00000000d9f00000,0x00000000da3f88a8,0x00000000da400000)
  to   space 9728K, 0% used [0x00000000dd180000,0x00000000dd180000,0x00000000ddb00000)
 ParOldGen       total 57856K, used 11231K [0x0000000081a00000, 0x0000000085280000, 0x00000000d5e00000)
  object space 57856K, 19% used [0x0000000081a00000,0x00000000824f7fa0,0x0000000085280000)
 Metaspace       used 25885K, capacity 26690K, committed 26880K, reserved 1073152K
  class space    used 3336K, capacity 3519K, committed 3584K, reserved 1048576K
}
Event: 3.247 GC heap before
{Heap before GC invocations=7 (full 1):
 PSYoungGen      total 71680K, used 71650K [0x00000000d5e00000, 0x00000000ddb00000, 0x0000000100000000)
  eden space 66560K, 100% used [0x00000000d5e00000,0x00000000d9f00000,0x00000000d9f00000)
  from space 5120K, 99% used [0x00000000d9f00000,0x00000000da3f88a8,0x00000000da400000)
  to   space 9728K, 0% used [0x00000000dd180000,0x00000000dd180000,0x00000000ddb00000)
 ParOldGen       total 57856K, used 11231K [0x0000000081a00000, 0x0000000085280000, 0x00000000d5e00000)
  object space 57856K, 19% used [0x0000000081a00000,0x00000000824f7fa0,0x0000000085280000)
 Metaspace       used 29716K, capacity 30672K, committed 30976K, reserved 1077248K
  class space    used 3825K, capacity 4040K, committed 4096K, reserved 1048576K
Event: 3.257 GC heap after
Heap after GC invocations=7 (full 1):
 PSYoungGen      total 116224K, used 7725K [0x00000000d5e00000, 0x00000000dda00000, 0x0000000100000000)
  eden space 107520K, 0% used [0x00000000d5e00000,0x00000000d5e00000,0x00000000dc700000)
  from space 8704K, 88% used [0x00000000dd180000,0x00000000dd90b738,0x00000000dda00000)
  to   space 9728K, 0% used [0x00000000dc700000,0x00000000dc700000,0x00000000dd080000)
 ParOldGen       total 57856K, used 11231K [0x0000000081a00000, 0x0000000085280000, 0x00000000d5e00000)
  object space 57856K, 19% used [0x0000000081a00000,0x00000000824f7fa0,0x0000000085280000)
 Metaspace       used 29716K, capacity 30672K, committed 30976K, reserved 1077248K
  class space    used 3825K, capacity 4040K, committed 4096K, reserved 1048576K
}
Event: 4.048 GC heap before
{Heap before GC invocations=8 (full 1):
 PSYoungGen      total 116224K, used 115245K [0x00000000d5e00000, 0x00000000dda00000, 0x0000000100000000)
  eden space 107520K, 100% used [0x00000000d5e00000,0x00000000dc700000,0x00000000dc700000)
  from space 8704K, 88% used [0x00000000dd180000,0x00000000dd90b738,0x00000000dda00000)
  to   space 9728K, 0% used [0x00000000dc700000,0x00000000dc700000,0x00000000dd080000)
 ParOldGen       total 57856K, used 11231K [0x0000000081a00000, 0x0000000085280000, 0x00000000d5e00000)
  object space 57856K, 19% used [0x0000000081a00000,0x00000000824f7fa0,0x0000000085280000)
 Metaspace       used 31985K, capacity 33468K, committed 33664K, reserved 1079296K
  class space    used 4140K, capacity 4434K, committed 4480K, reserved 1048576K
Event: 4.061 GC heap after
Heap after GC invocations=8 (full 1):
 PSYoungGen      total 117248K, used 9716K [0x00000000d5e00000, 0x00000000e1c80000, 0x0000000100000000)
  eden space 107520K, 0% used [0x00000000d5e00000,0x00000000d5e00000,0x00000000dc700000)
  from space 9728K, 99% used [0x00000000dc700000,0x00000000dd07d040,0x00000000dd080000)
  to   space 11264K, 0% used [0x00000000e1180000,0x00000000e1180000,0x00000000e1c80000)
 ParOldGen       total 57856K, used 12610K [0x0000000081a00000, 0x0000000085280000, 0x00000000d5e00000)
  object space 57856K, 21% used [0x0000000081a00000,0x0000000082650858,0x0000000085280000)
 Metaspace       used 31985K, capacity 33468K, committed 33664K, reserved 1079296K
  class space    used 4140K, capacity 4434K, committed 4480K, reserved 1048576K
}

